16:13:11 **** Build of configuration Debug for project Homework_7 ****
make all 
Building file: ../main.cpp
Invoking: GCC C++ Compiler
g++ -O0 -g3 -Wall -c -fmessage-length=0 -MMD -MP -MF"main.d" -MT"main.o" -o "main.o" "../main.cpp"
../main.cpp:282:1: warning: control may reach end of non-void function [-Wreturn-type]
}
^
1 warning generated.
Finished building: ../main.cpp
 
Building target: Homework_7
Invoking: MacOS X C++ Linker
g++  -o "Homework_7"  ./main.o   
Undefined symbols for architecture x86_64:
  "two34_tree::break_3_value_node(node*)", referenced from:
      two34_tree::find(int) in main.o
ld: symbol(s) not found for architecture x86_64
clang: error: linker command failed with exit code 1 (use -v to see invocation)
make: *** [Homework_7] Error 1

16:13:12 Build Finished (took 608ms)

